<?xml version="1.0" encoding="UTF-8"?>
<!-- Generated by org.testng.reporters.JUnitReportReporter -->
<testsuite hostname="Archana" failures="0" tests="1" name="TestNgFramework.ParameterizationTest" time="0.012" errors="0" timestamp="2023-02-04T20:40:47 IST" skipped="0">
  <testcase classname="TestNgFramework.ParameterizationTest" name="f" time="0.012"/>
  <system-out/>
</testsuite> <!-- TestNgFramework.ParameterizationTest -->
