<?xml version="1.0" encoding="UTF-8"?>
<!-- Generated by org.testng.reporters.JUnitReportReporter -->
<testsuite hostname="Archana" failures="0" tests="3" name="TestNgFramework.TestCase" time="8.479" errors="0" timestamp="2023-02-04T14:02:00 IST" skipped="0">
  <testcase classname="TestNgFramework.TestCase" name="bing" time="0.838"/>
  <system-out/>
  <testcase classname="TestNgFramework.TestCase" name="amazon" time="5.334"/>
  <system-out/>
  <testcase classname="TestNgFramework.TestCase" name="linkedin" time="2.307"/>
  <system-out/>
</testsuite> <!-- TestNgFramework.TestCase -->
