<?xml version="1.0" encoding="UTF-8"?>
<!-- Generated by org.testng.reporters.JUnitReportReporter -->
<testsuite hostname="Archana" failures="0" tests="4" name="TestNgFramework.TestNgclass" time="0.066" errors="0" timestamp="2023-02-02T19:05:47 IST" skipped="0">
  <testcase classname="TestNgFramework.TestNgclass" name="morning" time="0.015"/>
  <system-out/>
  <testcase classname="TestNgFramework.TestNgclass" name="evening" time="0.011"/>
  <system-out/>
  <testcase classname="TestNgFramework.TestNgclass" name="afternoon" time="0.030"/>
  <system-out/>
  <testcase classname="TestNgFramework.TestNgclass" name="night" time="0.010"/>
  <system-out/>
</testsuite> <!-- TestNgFramework.TestNgclass -->
