<?xml version="1.0" encoding="UTF-8"?>
<!-- Generated by org.testng.reporters.JUnitReportReporter -->
<testsuite hostname="Archana" failures="0" tests="3" name="TestNgFramework.TCusingPriorityandSuit" time="7.736" errors="0" timestamp="2023-02-07T20:41:18 IST" skipped="0">
  <testcase classname="TestNgFramework.TCusingPriorityandSuit" name="bing" time="0.725"/>
  <system-out/>
  <testcase classname="TestNgFramework.TCusingPriorityandSuit" name="amazon" time="4.938"/>
  <system-out/>
  <testcase classname="TestNgFramework.TCusingPriorityandSuit" name="linkedin" time="2.073"/>
  <system-out/>
</testsuite> <!-- TestNgFramework.TCusingPriorityandSuit -->
