<?xml version="1.0" encoding="UTF-8"?>
<!-- Generated by org.testng.reporters.JUnitReportReporter -->
<testsuite hostname="Archana" failures="0" tests="1" name="TestNgFramework.DemoClass" time="0.014" errors="0" timestamp="2023-02-08T18:19:42 IST" skipped="0">
  <testcase classname="TestNgFramework.DemoClass" name="evening" time="0.014"/>
  <system-out/>
</testsuite> <!-- TestNgFramework.DemoClass -->
