<?xml version="1.0" encoding="UTF-8"?>
<!-- Generated by org.testng.reporters.JUnitReportReporter -->
<testsuite hostname="Archana" failures="0" tests="6" name="TestNgFramework.TestngGrouping" time="0.023" errors="0" timestamp="2023-02-07T20:40:22 IST" skipped="0">
  <testcase classname="TestNgFramework.TestngGrouping" name="BlackBall" time="0.011"/>
  <system-out/>
  <testcase classname="TestNgFramework.TestngGrouping" name="GreenBall" time="0.004"/>
  <system-out/>
  <testcase classname="TestNgFramework.TestngGrouping" name="backBall" time="0.000"/>
  <system-out/>
  <testcase classname="TestNgFramework.TestngGrouping" name="RedBall" time="0.002"/>
  <system-out/>
  <testcase classname="TestNgFramework.TestngGrouping" name="redBall" time="0.004"/>
  <system-out/>
  <testcase classname="TestNgFramework.TestngGrouping" name="greenball" time="0.002"/>
  <system-out/>
</testsuite> <!-- TestNgFramework.TestngGrouping -->
