<?xml version="1.0" encoding="UTF-8"?>
<!-- Generated by org.testng.reporters.JUnitReportReporter -->
<testsuite hostname="Archana" failures="0" tests="1" name="TestNgFramework.Parameterization" time="9.807" errors="0" timestamp="2023-02-05T11:34:48 IST" skipped="0">
  <testcase classname="TestNgFramework.Parameterization" name="Linkedin" time="9.807"/>
  <system-out/>
</testsuite> <!-- TestNgFramework.Parameterization -->
